<?xml version="1.0" encoding="UTF-8"?>
<testsuite name="com.flexos.flexphone.protocol.FlexLinkTest" tests="18" skipped="0" failures="0" errors="0" timestamp="2026-08-26T11:41:43.634Z" hostname="vm" time="0.129">
  <properties/>
  <testcase name="resultado de respuesta()" classname="com.flexos.flexphone.protocol.FlexLinkTest" time="0.064"/>
  <testcase name="vector dorado - notificacion codificada()" classname="com.flexos.flexphone.protocol.FlexLinkTest" time="0.011"/>
  <testcase name="no parte caracteres multibyte()" classname="com.flexos.flexphone.protocol.FlexLinkTest" time="0.001"/>
  <testcase name="los reintentos crecen y se rinden()" classname="com.flexos.flexphone.protocol.FlexLinkTest" time="0.007"/>
  <testcase name="vector dorado - trama PING vacia()" classname="com.flexos.flexphone.protocol.FlexLinkTest" time="0.002"/>
  <testcase name="rechaza tramas invalidas()" classname="com.flexos.flexphone.protocol.FlexLinkTest" time="0.002"/>
  <testcase name="un parcial a medias caduca()" classname="com.flexos.flexphone.protocol.FlexLinkTest" time="0.004"/>
  <testcase name="ida y vuelta de una trama()" classname="com.flexos.flexphone.protocol.FlexLinkTest" time="0.015"/>
  <testcase name="campos ida y vuelta y longitud mentirosa()" classname="com.flexos.flexphone.protocol.FlexLinkTest" time="0.001"/>
  <testcase name="limites de fragmentacion()" classname="com.flexos.flexphone.protocol.FlexLinkTest" time="0.0"/>
  <testcase name="fragmenta y reensambla()" classname="com.flexos.flexphone.protocol.FlexLinkTest" time="0.001"/>
  <testcase name="anti repeticion()" classname="com.flexos.flexphone.protocol.FlexLinkTest" time="0.001"/>
  <testcase name="vector dorado - CRC16 CCITT()" classname="com.flexos.flexphone.protocol.FlexLinkTest" time="0.001"/>
  <testcase name="vector dorado - trama con carga ASCII()" classname="com.flexos.flexphone.protocol.FlexLinkTest" time="0.001"/>
  <testcase name="canReply no sobrevive sin una accion real()" classname="com.flexos.flexphone.protocol.FlexLinkTest" time="0.001"/>
  <testcase name="una bateria desconocida no se manda como cero()" classname="com.flexos.flexphone.protocol.FlexLinkTest" time="0.001"/>
  <testcase name="descarta repetidos y fuera de orden()" classname="com.flexos.flexphone.protocol.FlexLinkTest" time="0.002"/>
  <testcase name="notificacion ida y vuelta y saneado()" classname="com.flexos.flexphone.protocol.FlexLinkTest" time="0.001"/>
  <system-out><![CDATA[]]></system-out>
  <system-err><![CDATA[]]></system-err>
</testsuite>
